2021-10-22 21:57:39,403 [ 1] INFO  Unity: LoadingManager start
2021-10-22 21:57:42,435 [ 1] INFO  Unity: DataManager > DataManager()
2021-10-22 21:57:48,138 [ 1] INFO  Unity: UserLoginRequest::user :mier psw:123
2021-10-22 21:57:48,138 [ 1] INFO  Unity: ConnectToServer() Start 
2021-10-22 21:57:48,141 [ 1] INFO  Unity: DoConnect
2021-10-22 21:57:48,142 [ 1] INFO  Unity: NetClient.DoConnect on 127.0.0.1:8000
2021-10-22 21:57:48,143 [ 1] INFO  Unity: Connect[0] to server 127.0.0.1:8000

2021-10-22 21:57:48,147 [ 1] INFO  Unity: LoadingMesager::OnGameServerConnect :0 reason:Success
2021-10-22 21:57:48,241 [ 1] INFO  Unity: OnLogin:Success [None]
2021-10-22 21:57:48,241 [ 1] INFO  Unity: LoadLevel: CharSelect
2021-10-22 21:57:48,408 [ 1] INFO  Unity: LevelLoadCompleted:1
2021-10-22 21:57:49,269 [ 1] INFO  Unity: Select Char:[13]试试[Warrior]
2021-10-22 21:57:51,285 [ 1] INFO  Unity: selectCharacterIdx:0
2021-10-22 21:57:51,285 [ 1] INFO  Unity: UserGameEnterRequest::characterId :0
2021-10-22 21:57:51,324 [ 1] INFO  Unity: OnGameEnter:Success
2021-10-22 21:57:51,324 [ 1] INFO  Unity: OnGameEnter:Warrior
2021-10-22 21:57:51,324 [ 1] INFO  Unity: OnMapCharacterEnter:Map:1 Count:1
2021-10-22 21:57:51,324 [ 1] INFO  Unity:   OnMapCharacterEnter CharacterId: 13and EntityID:2
2021-10-22 21:57:51,326 [ 1] INFO  Unity: AddCharacter:13:试试 Map:1 Entity:(2:pos:(5000,4000,820),dir:(100,0,0),spd:0,EntityID：2
2021-10-22 21:57:51,327 [ 1] INFO  Unity: LoadLevel: MainCity
2021-10-22 21:57:51,327 [ 1] INFO  Unity: OnMapCharacterEnter:Map:1 Count:3
2021-10-22 21:57:51,327 [ 1] INFO  Unity:   OnMapCharacterEnter CharacterId: 13and EntityID:2
2021-10-22 21:57:51,327 [ 1] INFO  Unity: AddCharacter:13:试试 Map:1 Entity:(2:pos:(5000,4000,820),dir:(100,0,0),spd:0,EntityID：2
2021-10-22 21:57:51,327 [ 1] INFO  Unity:   OnMapCharacterEnter CharacterId: 1and EntityID:1
2021-10-22 21:57:51,327 [ 1] INFO  Unity: AddCharacter:1:试试 Map:1 Entity:(1:pos:(5000,4000,820),dir:(100,0,0),spd:0,EntityID：1
2021-10-22 21:57:51,327 [ 1] INFO  Unity:   OnMapCharacterEnter CharacterId: 13and EntityID:2
2021-10-22 21:57:51,327 [ 1] INFO  Unity: AddCharacter:13:试试 Map:1 Entity:(2:pos:(5000,4000,820),dir:(100,0,0),spd:0,EntityID：2
2021-10-22 21:57:51,687 [ 1] INFO  Unity: Archer OnDestroy :ID:0 POS:(0, 0, 0) DIR:(0, 100, 0) SPD:0 
2021-10-22 21:57:51,687 [ 1] INFO  Unity: Warrior OnDestroy :ID:0 POS:(0, 0, 0) DIR:(0, 100, 0) SPD:0 
2021-10-22 21:57:51,691 [ 1] INFO  Unity: LevelLoadCompleted:1
2021-10-22 21:57:51,696 [ 1] WARN  Unity: UIMinimap Start 10668

2021-10-22 21:57:51,696 [ 1] WARN  Unity: MinimapManager.Instance.Minimap[10668] Set

2021-10-22 21:58:10,285 [ 1] INFO  Unity: LoadLevel: CharSelect
2021-10-22 21:58:10,285 [ 1] INFO  Unity: UserGameLeaveRequest
2021-10-22 21:58:10,420 [ 1] INFO  Unity: Character_13_试试 OnDestroy :ID:2 POS:(5000, 4000, 820) DIR:(100, 0, 0) SPD:0 
2021-10-22 21:58:10,420 [ 1] INFO  Unity: Character_1_试试 OnDestroy :ID:1 POS:(5000, 4000, 820) DIR:(100, 0, 0) SPD:0 
2021-10-22 21:58:10,424 [ 1] INFO  Unity: LevelLoadCompleted:1
2021-10-22 21:58:16,735 [ 1] INFO  Unity: OnMapCharacterLeave: CharID:2
2021-10-22 21:58:16,736 [ 1] INFO  Unity: RemoveCharacter:2
2021-10-22 21:58:16,740 [ 1] ERROR Unity: Message handler exception:, , Assembly-CSharp,   at (wrapper managed-to-native) UnityEngine.Component:get_gameObject ()
  at EntityController.OnEntityRemoved () [0x00000] in <filename unknown>:0 
  at Managers.EntityManager.RemoveEntity (SkillBridge.Message.NEntity entity) [0x00000] in <filename unknown>:0 
  at Managers.CharacterManager.RemoveCharacter (Int32 entityId) [0x00000] in <filename unknown>:0 
  at Managers.CharacterManager.Clear () [0x00000] in <filename unknown>:0 
  at Services.MapService.OnMapCharacterLeave (System.Object sender, SkillBridge.Message.MapCharacterLeaveResponse response) [0x00000] in <filename unknown>:0 
  at Network.MessageDistributer`1[System.Object].RaiseEvent[MapCharacterLeaveResponse] (System.Object sender, SkillBridge.Message.MapCharacterLeaveResponse msg) [0x00000] in <filename unknown>:0 
2021-10-22 21:58:16,742 [ 1] FATAL Unity: <log4net.Error>Exception during StringFormat: Input string was not in a correct format. <format>{0
{1}</format><args>{NullReferenceException, EntityController.OnEntityRemoved ()
Managers.EntityManager.RemoveEntity (SkillBridge.Message.NEntity entity)
Managers.CharacterManager.RemoveCharacter (Int32 entityId)
Managers.CharacterManager.Clear ()
Services.MapService.OnMapCharacterLeave (System.Object sender, SkillBridge.Message.MapCharacterLeaveResponse response)
Network.MessageDistributer`1[System.Object].RaiseEvent[MapCharacterLeaveResponse] (System.Object sender, SkillBridge.Message.MapCharacterLeaveResponse msg)
}</args></log4net.Error>
2021-10-22 21:58:16,751 [ 1] INFO  Unity: OnGameLeave:Success [None]
2021-10-22 21:58:28,884 [ 1] INFO  Unity: Select Char:[18]试试[Warrior]
2021-10-22 21:58:29,667 [ 1] INFO  Unity: selectCharacterIdx:2
2021-10-22 21:58:29,667 [ 1] INFO  Unity: UserGameEnterRequest::characterId :2
2021-10-22 21:58:31,201 [ 1] INFO  Unity: OnGameEnter:Success
2021-10-22 21:58:31,201 [ 1] INFO  Unity: OnGameEnter:Warrior
2021-10-22 21:58:31,201 [ 1] INFO  Unity: OnMapCharacterEnter:Map:1 Count:1
2021-10-22 21:58:31,201 [ 1] INFO  Unity:   OnMapCharacterEnter CharacterId: 18and EntityID:3
2021-10-22 21:58:31,201 [ 1] INFO  Unity: AddCharacter:18:试试 Map:1 Entity:(3:pos:(5000,4000,820),dir:(100,0,0),spd:0,EntityID：3
2021-10-22 21:58:31,201 [ 1] INFO  Unity: LoadLevel: MainCity
2021-10-22 21:58:31,201 [ 1] INFO  Unity: OnMapCharacterEnter:Map:1 Count:3
2021-10-22 21:58:31,201 [ 1] INFO  Unity:   OnMapCharacterEnter CharacterId: 18and EntityID:3
2021-10-22 21:58:31,201 [ 1] INFO  Unity: AddCharacter:18:试试 Map:1 Entity:(3:pos:(5000,4000,820),dir:(100,0,0),spd:0,EntityID：3
2021-10-22 21:58:31,201 [ 1] INFO  Unity:   OnMapCharacterEnter CharacterId: 1and EntityID:1
2021-10-22 21:58:31,201 [ 1] INFO  Unity: AddCharacter:1:试试 Map:1 Entity:(1:pos:(5000,4000,820),dir:(100,0,0),spd:0,EntityID：1
2021-10-22 21:58:31,201 [ 1] INFO  Unity:   OnMapCharacterEnter CharacterId: 18and EntityID:3
2021-10-22 21:58:31,201 [ 1] INFO  Unity: AddCharacter:18:试试 Map:1 Entity:(3:pos:(5000,4000,820),dir:(100,0,0),spd:0,EntityID：3
2021-10-22 21:58:31,516 [ 1] INFO  Unity: Archer OnDestroy :ID:0 POS:(0, 0, 0) DIR:(0, 100, 0) SPD:0 
2021-10-22 21:58:31,516 [ 1] INFO  Unity: Warrior OnDestroy :ID:0 POS:(0, 0, 0) DIR:(0, 100, 0) SPD:0 
2021-10-22 21:58:31,519 [ 1] INFO  Unity: LevelLoadCompleted:1
2021-10-22 21:58:31,521 [ 1] WARN  Unity: UIMinimap Start 18668

2021-10-22 21:58:31,521 [ 1] WARN  Unity: MinimapManager.Instance.Minimap[18668] Set

2021-10-22 21:58:40,834 [ 1] INFO  Unity: MoveBack
2021-10-22 21:58:41,715 [ 1] INFO  Unity: SetDirection:(98, -18, 0)
2021-10-22 21:58:41,749 [ 1] INFO  Unity: Stop
2021-10-22 21:58:41,766 [ 1] INFO  Unity: MoveForward
2021-10-22 21:58:41,816 [ 1] INFO  Unity: SetDirection:(93, -36, 0)
2021-10-22 21:58:41,916 [ 1] INFO  Unity: SetDirection:(84, -54, 0)
2021-10-22 21:58:41,999 [ 1] INFO  Unity: SetDirection:(73, -68, 0)
2021-10-22 21:58:42,100 [ 1] INFO  Unity: SetDirection:(58, -82, 0)
2021-10-22 21:58:42,234 [ 1] INFO  Unity: SetDirection:(41, -91, 0)
2021-10-22 21:58:42,599 [ 1] INFO  Unity: Stop
2021-10-22 21:58:42,883 [ 1] INFO  Unity: MoveBack
2021-10-22 21:58:43,333 [ 1] INFO  Unity: Stop
2021-10-22 21:58:47,266 [ 1] INFO  Unity: LoadLevel: CharSelect
2021-10-22 21:58:47,266 [ 1] INFO  Unity: UserGameLeaveRequest
2021-10-22 21:58:47,369 [ 1] INFO  Unity: Character_13_试试 OnDestroy :ID:2 POS:(5000, 4000, 820) DIR:(100, 0, 0) SPD:0 
2021-10-22 21:58:47,369 [ 1] INFO  Unity: Character_1_试试 OnDestroy :ID:1 POS:(5000, 4000, 820) DIR:(100, 0, 0) SPD:0 
2021-10-22 21:58:47,369 [ 1] INFO  Unity: Character_18_试试 OnDestroy :ID:3 POS:(4828, 3947, 820) DIR:(41, -91, 0) SPD:0 
2021-10-22 21:58:47,373 [ 1] INFO  Unity: LevelLoadCompleted:1
2021-10-22 21:58:50,681 [ 1] INFO  Unity: OnMapCharacterLeave: CharID:3
2021-10-22 21:58:50,681 [ 1] INFO  Unity: RemoveCharacter:2
2021-10-22 21:58:50,681 [ 1] ERROR Unity: Message handler exception:, , Assembly-CSharp,   at (wrapper managed-to-native) UnityEngine.Component:get_gameObject ()
  at EntityController.OnEntityRemoved () [0x00000] in <filename unknown>:0 
  at Managers.EntityManager.RemoveEntity (SkillBridge.Message.NEntity entity) [0x00000] in <filename unknown>:0 
  at Managers.CharacterManager.RemoveCharacter (Int32 entityId) [0x00000] in <filename unknown>:0 
  at Managers.CharacterManager.Clear () [0x00000] in <filename unknown>:0 
  at Services.MapService.OnMapCharacterLeave (System.Object sender, SkillBridge.Message.MapCharacterLeaveResponse response) [0x00000] in <filename unknown>:0 
  at Network.MessageDistributer`1[System.Object].RaiseEvent[MapCharacterLeaveResponse] (System.Object sender, SkillBridge.Message.MapCharacterLeaveResponse msg) [0x00000] in <filename unknown>:0 
2021-10-22 21:58:50,682 [ 1] FATAL Unity: <log4net.Error>Exception during StringFormat: Input string was not in a correct format. <format>{0
{1}</format><args>{NullReferenceException, EntityController.OnEntityRemoved ()
Managers.EntityManager.RemoveEntity (SkillBridge.Message.NEntity entity)
Managers.CharacterManager.RemoveCharacter (Int32 entityId)
Managers.CharacterManager.Clear ()
Services.MapService.OnMapCharacterLeave (System.Object sender, SkillBridge.Message.MapCharacterLeaveResponse response)
Network.MessageDistributer`1[System.Object].RaiseEvent[MapCharacterLeaveResponse] (System.Object sender, SkillBridge.Message.MapCharacterLeaveResponse msg)
}</args></log4net.Error>
2021-10-22 21:58:50,698 [ 1] INFO  Unity: OnGameLeave:Success [None]
2021-10-22 22:04:29,322 [ 1] INFO  Unity: Select Char:[19]试试321321[Wizard]
2021-10-22 22:04:30,088 [ 1] INFO  Unity: selectCharacterIdx:3
2021-10-22 22:04:30,088 [ 1] INFO  Unity: UserGameEnterRequest::characterId :3
2021-10-22 22:04:32,040 [ 1] INFO  Unity: OnGameEnter:Success
2021-10-22 22:04:32,040 [ 1] INFO  Unity: OnGameEnter:Wizard
2021-10-22 22:04:32,040 [ 1] INFO  Unity: OnMapCharacterEnter:Map:1 Count:1
2021-10-22 22:04:32,040 [ 1] INFO  Unity:   OnMapCharacterEnter CharacterId: 19and EntityID:4
2021-10-22 22:04:32,040 [ 1] INFO  Unity: AddCharacter:19:试试321321 Map:1 Entity:(4:pos:(5000,4000,820),dir:(100,0,0),spd:0,EntityID：4
2021-10-22 22:04:32,040 [ 1] INFO  Unity: LoadLevel: MainCity
2021-10-22 22:04:32,040 [ 1] INFO  Unity: OnMapCharacterEnter:Map:1 Count:3
2021-10-22 22:04:32,040 [ 1] INFO  Unity:   OnMapCharacterEnter CharacterId: 19and EntityID:4
2021-10-22 22:04:32,040 [ 1] INFO  Unity: AddCharacter:19:试试321321 Map:1 Entity:(4:pos:(5000,4000,820),dir:(100,0,0),spd:0,EntityID：4
2021-10-22 22:04:32,040 [ 1] INFO  Unity:   OnMapCharacterEnter CharacterId: 1and EntityID:1
2021-10-22 22:04:32,040 [ 1] INFO  Unity: AddCharacter:1:试试 Map:1 Entity:(1:pos:(5000,4000,820),dir:(100,0,0),spd:0,EntityID：1
2021-10-22 22:04:32,040 [ 1] INFO  Unity:   OnMapCharacterEnter CharacterId: 19and EntityID:4
2021-10-22 22:04:32,040 [ 1] INFO  Unity: AddCharacter:19:试试321321 Map:1 Entity:(4:pos:(5000,4000,820),dir:(100,0,0),spd:0,EntityID：4
2021-10-22 22:04:32,372 [ 1] INFO  Unity: Archer OnDestroy :ID:0 POS:(0, 0, 0) DIR:(0, 100, 0) SPD:0 
2021-10-22 22:04:32,372 [ 1] INFO  Unity: Wizard OnDestroy :ID:0 POS:(0, 0, 0) DIR:(0, 100, 0) SPD:0 
2021-10-22 22:04:32,377 [ 1] INFO  Unity: LevelLoadCompleted:1
2021-10-22 22:04:32,378 [ 1] WARN  Unity: UIMinimap Start 26668

2021-10-22 22:04:32,378 [ 1] WARN  Unity: MinimapManager.Instance.Minimap[26668] Set

2021-10-22 22:04:40,922 [ 1] INFO  Unity: LoadLevel: CharSelect
2021-10-22 22:04:40,922 [ 1] INFO  Unity: UserGameLeaveRequest
2021-10-22 22:04:41,041 [ 1] INFO  Unity: Character_13_试试 OnDestroy :ID:2 POS:(5000, 4000, 820) DIR:(100, 0, 0) SPD:0 
2021-10-22 22:04:41,042 [ 1] INFO  Unity: Character_1_试试 OnDestroy :ID:1 POS:(5000, 4000, 820) DIR:(100, 0, 0) SPD:0 
2021-10-22 22:04:41,042 [ 1] INFO  Unity: Character_18_试试 OnDestroy :ID:3 POS:(4828, 3947, 820) DIR:(41, -91, 0) SPD:0 
2021-10-22 22:04:41,042 [ 1] INFO  Unity: Character_19_试试321321 OnDestroy :ID:4 POS:(5000, 4000, 820) DIR:(100, 0, 0) SPD:0 
2021-10-22 22:04:41,044 [ 1] INFO  Unity: LevelLoadCompleted:1
2021-10-22 22:04:46,372 [ 1] INFO  Unity: OnMapCharacterLeave: CharID:4
2021-10-22 22:04:46,372 [ 1] INFO  Unity: RemoveCharacter:2
2021-10-22 22:04:46,372 [ 1] ERROR Unity: Message handler exception:, , Assembly-CSharp,   at (wrapper managed-to-native) UnityEngine.Component:get_gameObject ()
  at EntityController.OnEntityRemoved () [0x00000] in <filename unknown>:0 
  at Managers.EntityManager.RemoveEntity (SkillBridge.Message.NEntity entity) [0x00000] in <filename unknown>:0 
  at Managers.CharacterManager.RemoveCharacter (Int32 entityId) [0x00000] in <filename unknown>:0 
  at Managers.CharacterManager.Clear () [0x00000] in <filename unknown>:0 
  at Services.MapService.OnMapCharacterLeave (System.Object sender, SkillBridge.Message.MapCharacterLeaveResponse response) [0x00000] in <filename unknown>:0 
  at Network.MessageDistributer`1[System.Object].RaiseEvent[MapCharacterLeaveResponse] (System.Object sender, SkillBridge.Message.MapCharacterLeaveResponse msg) [0x00000] in <filename unknown>:0 
2021-10-22 22:04:46,372 [ 1] FATAL Unity: <log4net.Error>Exception during StringFormat: Input string was not in a correct format. <format>{0
{1}</format><args>{NullReferenceException, EntityController.OnEntityRemoved ()
Managers.EntityManager.RemoveEntity (SkillBridge.Message.NEntity entity)
Managers.CharacterManager.RemoveCharacter (Int32 entityId)
Managers.CharacterManager.Clear ()
Services.MapService.OnMapCharacterLeave (System.Object sender, SkillBridge.Message.MapCharacterLeaveResponse response)
Network.MessageDistributer`1[System.Object].RaiseEvent[MapCharacterLeaveResponse] (System.Object sender, SkillBridge.Message.MapCharacterLeaveResponse msg)
}</args></log4net.Error>
2021-10-22 22:04:46,389 [ 1] INFO  Unity: OnGameLeave:Success [None]
2021-10-22 22:08:05,185 [ 1] INFO  Unity: ProcessReceive exception:System.Net.Sockets.SocketException: 远程主机强迫关闭了一个现有的连接。

  at System.Net.Sockets.Socket.Receive (System.Byte[] buffer, Int32 offset, Int32 size, SocketFlags flags) [0x00000] in <filename unknown>:0 
  at Network.NetClient.ProcessRecv () [0x00000] in <filename unknown>:0 

2021-10-22 22:08:05,186 [ 1] WARN  Unity: CloseConnection(), errorCode: 1001

2021-10-22 22:08:05,200 [ 1] INFO  Unity: DoConnect
2021-10-22 22:08:05,200 [ 1] INFO  Unity: NetClient.DoConnect on 127.0.0.1:8000
2021-10-22 22:08:05,200 [ 1] INFO  Unity: Connect[0] to server 127.0.0.1:8000

2021-10-22 22:08:07,210 [ 1] WARN  Unity: CloseConnection(), errorCode: 1005

2021-10-22 22:08:07,211 [ 1] ERROR Unity: DoConnect SocketException:[10061,ConnectionRefused,10061]System.Net.Sockets.SocketException: 由于目标计算机积极拒绝，无法连接。

  at System.Net.Sockets.Socket.Connect (System.Net.EndPoint remoteEP, Boolean requireSocketPolicy) [0x00000] in <filename unknown>:0 
  at System.Net.Sockets.Socket+Worker.Connect () [0x00000] in <filename unknown>:0  

2021-10-22 22:08:07,221 [ 1] INFO  Unity: DoConnect
2021-10-22 22:08:07,221 [ 1] INFO  Unity: NetClient.DoConnect on 127.0.0.1:8000
2021-10-22 22:08:07,222 [ 1] INFO  Unity: Connect[1] to server 127.0.0.1:8000

2021-10-22 22:08:09,226 [ 1] WARN  Unity: CloseConnection(), errorCode: 1005

2021-10-22 22:08:09,226 [ 1] ERROR Unity: DoConnect SocketException:[10061,ConnectionRefused,10061]System.Net.Sockets.SocketException: 由于目标计算机积极拒绝，无法连接。

  at System.Net.Sockets.Socket.Connect (System.Net.EndPoint remoteEP, Boolean requireSocketPolicy) [0x00000] in <filename unknown>:0 
  at System.Net.Sockets.Socket+Worker.Connect () [0x00000] in <filename unknown>:0  

2021-10-22 22:08:09,230 [ 1] INFO  Unity: DoConnect
2021-10-22 22:08:09,230 [ 1] INFO  Unity: NetClient.DoConnect on 127.0.0.1:8000
2021-10-22 22:08:09,231 [ 1] INFO  Unity: Connect[2] to server 127.0.0.1:8000

2021-10-22 22:08:11,234 [ 1] WARN  Unity: CloseConnection(), errorCode: 1005

2021-10-22 22:08:11,234 [ 1] ERROR Unity: DoConnect SocketException:[10061,ConnectionRefused,10061]System.Net.Sockets.SocketException: 由于目标计算机积极拒绝，无法连接。

  at System.Net.Sockets.Socket.Connect (System.Net.EndPoint remoteEP, Boolean requireSocketPolicy) [0x00000] in <filename unknown>:0 
  at System.Net.Sockets.Socket+Worker.Connect () [0x00000] in <filename unknown>:0  

2021-10-22 22:08:11,234 [ 1] INFO  Unity: LoadingMesager::OnGameServerConnect :1 reason:Cannot connect to server
2021-10-22 22:08:13,452 [ 1] INFO  Unity: OnDestroy NetworkManager.
2021-10-22 22:08:13,452 [ 1] WARN  Unity: CloseConnection(), errorCode: 1007

2021-10-22 22:08:13,453 [ 1] INFO  Unity: Archer OnDestroy :ID:0 POS:(0, 0, 0) DIR:(0, 100, 0) SPD:0 
